生成启动时间为 2014/7/14 12:22:59。
     1>项目“d:\documents\visual studio 2013\Projects\excel_xml\excel_xml\excel_xml.vcxproj”在节点 2 上(Build 个目标)。
     1>ClCompile:
         C:\Program Files (x86)\Microsoft Visual Studio 12.0\VC\bin\CL.exe /c /ZI /nologo /W3 /WX- /sdl /Od /Oy- /D WIN32 /D _WINDOWS /D _DEBUG /D _UNICODE /D UNICODE /D _AFXDLL /Gm /EHsc /RTC1 /MDd /GS /fp:precise /Zc:wchar_t /Zc:forScope /Yu"stdafx.h" /Fp"Debug\excel_xml.pch" /Fo"Debug\\" /Fd"Debug\vc120.pdb" /Gd /TP /analyze- /errorReport:prompt /D "_CRT_SECURE_NO_DEPRECATE" JDExcel.cpp
         JDExcel.cpp
       Link:
         C:\Program Files (x86)\Microsoft Visual Studio 12.0\VC\bin\link.exe /ERRORREPORT:PROMPT /OUT:"d:\documents\visual studio 2013\Projects\excel_xml\Debug\excel_xml.exe" /INCREMENTAL /NOLOGO /MANIFEST /MANIFESTUAC:"level='asInvoker' uiAccess='false'" /manifest:embed /manifestinput:"C:\Program Files (x86)\Microsoft Visual Studio 12.0\VC\Include\Manifest\dpiaware.manifest" /DEBUG /PDB:"d:\documents\visual studio 2013\Projects\excel_xml\Debug\excel_xml.pdb" /SUBSYSTEM:WINDOWS /TLBID:1 /ENTRY:"wWinMainCRTStartup" /DYNAMICBASE /NXCOMPAT /IMPLIB:"d:\documents\visual studio 2013\Projects\excel_xml\Debug\excel_xml.lib" /MACHINE:X86 Debug\excel_xml.res
         Debug\excel.obj
         Debug\excel_xml.obj
         Debug\excel_xmlDlg.obj
         Debug\JDExcel.obj
         Debug\JDfindFile.obj
         Debug\stdafx.obj
         Debug\tinystr.obj
         Debug\tinyxml.obj
         Debug\tinyxmlerror.obj
         Debug\tinyxmlparser.obj
     1>LINK : fatal error LNK1168: 无法打开 d:\documents\visual studio 2013\Projects\excel_xml\Debug\excel_xml.exe 进行写入
     1>已完成生成项目“d:\documents\visual studio 2013\Projects\excel_xml\excel_xml\excel_xml.vcxproj”(Build 个目标)的操作 - 失败。

生成失败。

已用时间 00:00:00.60
